2013-04-04 07:00:00 : COMPLETE USD/CHF - hour - 2013-04-04 06:00:00 - duration(s): 0.056943893432617
2013-04-04 07:00:00 : COMPLETE EUR/JPY - hour - 2013-04-04 06:00:00 - duration(s): 0.13474702835083
2013-04-04 07:00:00 : COMPLETE EUR/USD - hour - 2013-04-04 06:00:00 - duration(s): 0.080036878585815
2013-04-04 07:00:00 : COMPLETE USD/JPY - hour - 2013-04-04 06:00:00 - duration(s): 0.1293740272522
2013-04-04 07:00:00 : COMPLETE GBP/USD - hour - 2013-04-04 06:00:00 - duration(s): 0.076658010482788
2013-04-04 07:00:01 : COMPLETE EUR/GBP - hour - 2013-04-04 06:00:00 - duration(s): 0.07985782623291
2013-04-04 07:00:01 : COMPLETE EUR/CHF - hour - 2013-04-04 06:00:00 - duration(s): 0.032678127288818
2013-04-04 07:00:01 : COMPLETE GBP/JPY - hour - 2013-04-04 06:00:00 - duration(s): 0.11953902244568
2013-04-04 07:00:01 : COMPLETE USD/CAD - hour - 2013-04-04 06:00:00 - duration(s): 0.020997047424316
2013-04-04 07:00:01 : COMPLETE AUD/USD - hour - 2013-04-04 06:00:00 - duration(s): 0.046101093292236
2013-04-04 08:00:00 : COMPLETE USD/JPY - hour - 2013-04-04 07:00:00 - duration(s): 0.1069610118866
2013-04-04 08:00:00 : COMPLETE USD/CHF - hour - 2013-04-04 07:00:00 - duration(s): 0.064975023269653
2013-04-04 08:00:00 : COMPLETE EUR/JPY - hour - 2013-04-04 07:00:00 - duration(s): 0.10727119445801
2013-04-04 08:00:00 : COMPLETE GBP/JPY - hour - 2013-04-04 07:00:00 - duration(s): 0.094620943069458
2013-04-04 08:00:01 : COMPLETE EUR/USD - hour - 2013-04-04 07:00:00 - duration(s): 0.087455034255981
2013-04-04 08:00:01 : COMPLETE GBP/USD - hour - 2013-04-04 07:00:00 - duration(s): 0.083317995071411
2013-04-04 08:00:01 : COMPLETE EUR/GBP - hour - 2013-04-04 07:00:00 - duration(s): 0.091426849365234
2013-04-04 08:00:01 : COMPLETE EUR/CHF - hour - 2013-04-04 07:00:00 - duration(s): 0.048950910568237
2013-04-04 08:00:01 : COMPLETE AUD/USD - hour - 2013-04-04 07:00:00 - duration(s): 0.041207790374756
2013-04-04 08:00:01 : COMPLETE USD/CAD - hour - 2013-04-04 07:00:00 - duration(s): 0.023926019668579
2013-04-04 09:00:00 : COMPLETE EUR/USD - hour - 2013-04-04 08:00:00 - duration(s): 0.095072031021118
2013-04-04 09:00:00 : COMPLETE USD/JPY - hour - 2013-04-04 08:00:00 - duration(s): 0.09328818321228
2013-04-04 09:00:00 : COMPLETE EUR/GBP - hour - 2013-04-04 08:00:00 - duration(s): 0.089176893234253
2013-04-04 09:00:00 : COMPLETE USD/CHF - hour - 2013-04-04 08:00:00 - duration(s): 0.072137117385864
2013-04-04 09:00:00 : COMPLETE EUR/JPY - hour - 2013-04-04 08:00:00 - duration(s): 0.095800161361694
2013-04-04 09:00:00 : COMPLETE AUD/USD - hour - 2013-04-04 08:00:00 - duration(s): 0.037900924682617
2013-04-04 09:00:01 : COMPLETE GBP/JPY - hour - 2013-04-04 08:00:00 - duration(s): 0.091081857681274
2013-04-04 09:00:01 : COMPLETE GBP/USD - hour - 2013-04-04 08:00:00 - duration(s): 0.087137937545776
2013-04-04 09:00:01 : COMPLETE EUR/CHF - hour - 2013-04-04 08:00:00 - duration(s): 0.050245046615601
2013-04-04 09:00:10 : COMPLETE USD/CAD - hour - 2013-04-04 08:00:00 - duration(s): 0.018247842788696
2013-04-04 10:00:00 : COMPLETE USD/JPY - hour - 2013-04-04 09:00:00 - duration(s): 0.068488121032715
2013-04-04 10:00:00 : COMPLETE USD/CHF - hour - 2013-04-04 09:00:00 - duration(s): 0.049654006958008
2013-04-04 10:00:00 : COMPLETE EUR/JPY - hour - 2013-04-04 09:00:00 - duration(s): 0.072364091873169
2013-04-04 10:00:00 : COMPLETE EUR/USD - hour - 2013-04-04 09:00:00 - duration(s): 0.072618961334229
2013-04-04 10:00:00 : COMPLETE GBP/USD - hour - 2013-04-04 09:00:00 - duration(s): 0.069772005081177
2013-04-04 10:00:00 : COMPLETE EUR/GBP - hour - 2013-04-04 09:00:00 - duration(s): 0.063878059387207
2013-04-04 10:00:00 : COMPLETE USD/CAD - hour - 2013-04-04 09:00:00 - duration(s): 0.021039962768555
2013-04-04 10:00:00 : COMPLETE AUD/USD - hour - 2013-04-04 09:00:00 - duration(s): 0.025569915771484
2013-04-04 10:00:01 : COMPLETE GBP/JPY - hour - 2013-04-04 09:00:00 - duration(s): 0.06934380531311
2013-04-04 10:00:01 : COMPLETE EUR/CHF - hour - 2013-04-04 09:00:00 - duration(s): 0.032571077346802
2013-04-04 11:00:00 : COMPLETE EUR/USD - hour - 2013-04-04 10:00:00 - duration(s): 0.063670873641968
2013-04-04 11:00:00 : COMPLETE USD/JPY - hour - 2013-04-04 10:00:00 - duration(s): 0.06542181968689
2013-04-04 11:00:00 : COMPLETE GBP/USD - hour - 2013-04-04 10:00:00 - duration(s): 0.069017887115479
2013-04-04 11:00:00 : COMPLETE EUR/GBP - hour - 2013-04-04 10:00:00 - duration(s): 0.063528060913086
2013-04-04 11:00:00 : COMPLETE USD/CHF - hour - 2013-04-04 10:00:00 - duration(s): 0.047273874282837
2013-04-04 11:00:00 : COMPLETE EUR/JPY - hour - 2013-04-04 10:00:00 - duration(s): 0.075839996337891
2013-04-04 11:00:00 : COMPLETE EUR/CHF - hour - 2013-04-04 10:00:00 - duration(s): 0.038567066192627
2013-04-04 11:00:00 : COMPLETE GBP/JPY - hour - 2013-04-04 10:00:00 - duration(s): 0.069633007049561
2013-04-04 11:00:01 : COMPLETE USD/CAD - hour - 2013-04-04 10:00:00 - duration(s): 0.014697074890137
2013-04-04 11:00:01 : COMPLETE AUD/USD - hour - 2013-04-04 10:00:00 - duration(s): 0.027330160140991
2013-04-04 12:00:00 : COMPLETE USD/JPY - hour - 2013-04-04 11:00:00 - duration(s): 0.068464994430542
2013-04-04 12:00:00 : COMPLETE GBP/USD - hour - 2013-04-04 11:00:00 - duration(s): 0.079134941101074
2013-04-04 12:00:00 : COMPLETE EUR/GBP - hour - 2013-04-04 11:00:00 - duration(s): 0.071062088012695
2013-04-04 12:00:00 : COMPLETE EUR/JPY - hour - 2013-04-04 11:00:00 - duration(s): 0.078114986419678
2013-04-04 12:00:00 : COMPLETE GBP/JPY - hour - 2013-04-04 11:00:00 - duration(s): 0.078845024108887
2013-04-04 12:00:01 : COMPLETE EUR/USD - hour - 2013-04-04 11:00:00 - duration(s): 0.075644969940186
2013-04-04 12:00:01 : COMPLETE USD/CHF - hour - 2013-04-04 11:00:00 - duration(s): 0.061222791671753
2013-04-04 12:00:01 : COMPLETE EUR/CHF - hour - 2013-04-04 11:00:00 - duration(s): 0.041264057159424
2013-04-04 12:00:03 : COMPLETE AUD/USD - hour - 2013-04-04 11:00:00 - duration(s): 0.03714394569397
2013-04-04 12:00:04 : COMPLETE USD/CAD - hour - 2013-04-04 11:00:00 - duration(s): 0.017179012298584
2013-04-04 13:00:00 : COMPLETE USD/CAD - hour - 2013-04-04 12:00:00 - duration(s): 0.042638063430786
2013-04-04 13:00:00 : COMPLETE EUR/USD - hour - 2013-04-04 12:00:00 - duration(s): 0.11076498031616
2013-04-04 13:00:00 : COMPLETE USD/CHF - hour - 2013-04-04 12:00:00 - duration(s): 0.10480213165283
2013-04-04 13:00:01 : COMPLETE USD/JPY - hour - 2013-04-04 12:00:00 - duration(s): 0.12816381454468
2013-04-04 13:00:01 : COMPLETE GBP/USD - hour - 2013-04-04 12:00:00 - duration(s): 0.10114097595215
2013-04-04 13:00:01 : COMPLETE EUR/GBP - hour - 2013-04-04 12:00:00 - duration(s): 0.095072031021118
2013-04-04 13:00:01 : COMPLETE EUR/JPY - hour - 2013-04-04 12:00:00 - duration(s): 0.11182117462158
2013-04-04 13:00:01 : COMPLETE EUR/CHF - hour - 2013-04-04 12:00:00 - duration(s): 0.064337015151978
2013-04-04 13:00:01 : COMPLETE AUD/USD - hour - 2013-04-04 12:00:00 - duration(s): 0.05299711227417
2013-04-04 13:00:01 : COMPLETE GBP/JPY - hour - 2013-04-04 12:00:00 - duration(s): 0.098191976547241
2013-04-04 14:00:00 : COMPLETE EUR/USD - hour - 2013-04-04 13:00:00 - duration(s): 0.12315988540649
2013-04-04 14:00:00 : COMPLETE USD/CHF - hour - 2013-04-04 13:00:00 - duration(s): 0.10568189620972
2013-04-04 14:00:00 : COMPLETE AUD/USD - hour - 2013-04-04 13:00:00 - duration(s): 0.057054042816162
2013-04-04 14:00:00 : COMPLETE GBP/USD - hour - 2013-04-04 13:00:00 - duration(s): 0.10155820846558
2013-04-04 14:00:00 : COMPLETE EUR/GBP - hour - 2013-04-04 13:00:00 - duration(s): 0.096638202667236
2013-04-04 14:00:01 : COMPLETE EUR/JPY - hour - 2013-04-04 13:00:00 - duration(s): 0.1194760799408
2013-04-04 14:00:01 : COMPLETE EUR/CHF - hour - 2013-04-04 13:00:00 - duration(s): 0.071377038955688
2013-04-04 14:00:01 : COMPLETE USD/CAD - hour - 2013-04-04 13:00:00 - duration(s): 0.042239904403687
2013-04-04 14:00:01 : COMPLETE GBP/JPY - hour - 2013-04-04 13:00:00 - duration(s): 0.1008141040802
2013-04-04 14:00:01 : COMPLETE USD/JPY - hour - 2013-04-04 13:00:00 - duration(s): 0.09931492805481
2013-04-04 15:00:00 : COMPLETE EUR/USD - hour - 2013-04-04 14:00:00 - duration(s): 0.12984609603882
2013-04-04 15:00:00 : COMPLETE USD/JPY - hour - 2013-04-04 14:00:00 - duration(s): 0.11374688148499
2013-04-04 15:00:00 : COMPLETE GBP/USD - hour - 2013-04-04 14:00:00 - duration(s): 0.095173835754395
2013-04-04 15:00:00 : COMPLETE EUR/GBP - hour - 2013-04-04 14:00:00 - duration(s): 0.091409921646118
2013-04-04 15:00:00 : COMPLETE EUR/JPY - hour - 2013-04-04 14:00:00 - duration(s): 0.12089800834656
2013-04-04 15:00:00 : COMPLETE USD/CAD - hour - 2013-04-04 14:00:00 - duration(s): 0.036198854446411
2013-04-04 15:00:00 : COMPLETE AUD/USD - hour - 2013-04-04 14:00:00 - duration(s): 0.056525945663452
2013-04-04 15:00:01 : COMPLETE GBP/JPY - hour - 2013-04-04 14:00:00 - duration(s): 0.10539102554321
2013-04-04 15:00:01 : COMPLETE USD/CHF - hour - 2013-04-04 14:00:00 - duration(s): 0.08561897277832
2013-04-04 15:00:01 : COMPLETE EUR/CHF - hour - 2013-04-04 14:00:00 - duration(s): 0.071764945983887
2013-04-04 16:00:00 : COMPLETE EUR/USD - hour - 2013-04-04 15:00:00 - duration(s): 0.074933052062988
2013-04-04 16:00:00 : COMPLETE USD/JPY - hour - 2013-04-04 15:00:00 - duration(s): 0.087409019470215
2013-04-04 16:00:00 : COMPLETE GBP/USD - hour - 2013-04-04 15:00:00 - duration(s): 0.074805021286011
2013-04-04 16:00:00 : COMPLETE EUR/GBP - hour - 2013-04-04 15:00:00 - duration(s): 0.069257020950317
2013-04-04 16:00:00 : COMPLETE EUR/JPY - hour - 2013-04-04 15:00:00 - duration(s): 0.082551002502441
2013-04-04 16:00:00 : COMPLETE EUR/CHF - hour - 2013-04-04 15:00:00 - duration(s): 0.039093017578125
2013-04-04 16:00:00 : COMPLETE USD/CAD - hour - 2013-04-04 15:00:00 - duration(s): 0.031265020370483
2013-04-04 16:00:00 : COMPLETE AUD/USD - hour - 2013-04-04 15:00:00 - duration(s): 0.040876865386963
2013-04-04 16:00:01 : COMPLETE GBP/JPY - hour - 2013-04-04 15:00:00 - duration(s): 0.12472414970398
2013-04-04 16:00:01 : COMPLETE USD/CHF - hour - 2013-04-04 15:00:00 - duration(s): 0.057482004165649
2013-04-04 17:00:00 : COMPLETE EUR/USD - hour - 2013-04-04 16:00:00 - duration(s): 0.057817935943604
2013-04-04 17:00:00 : COMPLETE USD/JPY - hour - 2013-04-04 16:00:00 - duration(s): 0.059154987335205
2013-04-04 17:00:00 : COMPLETE EUR/JPY - hour - 2013-04-04 16:00:00 - duration(s): 0.063190221786499
2013-04-04 17:00:00 : COMPLETE GBP/JPY - hour - 2013-04-04 16:00:00 - duration(s): 0.056984901428223
2013-04-04 17:00:00 : COMPLETE GBP/USD - hour - 2013-04-04 16:00:00 - duration(s): 0.06323504447937
2013-04-04 17:00:00 : COMPLETE USD/CAD - hour - 2013-04-04 16:00:00 - duration(s): 0.018017053604126
2013-04-04 17:00:01 : COMPLETE AUD/USD - hour - 2013-04-04 16:00:00 - duration(s): 0.035490036010742
2013-04-04 17:00:02 : COMPLETE USD/CHF - hour - 2013-04-04 16:00:00 - duration(s): 0.04395580291748
2013-04-04 17:00:02 : COMPLETE EUR/GBP - hour - 2013-04-04 16:00:00 - duration(s): 0.052068948745728
2013-04-04 17:00:03 : COMPLETE EUR/CHF - hour - 2013-04-04 16:00:00 - duration(s): 0.028088092803955
2013-04-04 18:00:00 : COMPLETE EUR/USD - hour - 2013-04-04 17:00:00 - duration(s): 0.072561025619507
2013-04-04 18:00:00 : COMPLETE USD/JPY - hour - 2013-04-04 17:00:00 - duration(s): 0.058434963226318
2013-04-04 18:00:00 : COMPLETE GBP/USD - hour - 2013-04-04 17:00:00 - duration(s): 0.067626953125
2013-04-04 18:00:00 : COMPLETE EUR/JPY - hour - 2013-04-04 17:00:00 - duration(s): 0.07165002822876
2013-04-04 18:00:00 : COMPLETE AUD/USD - hour - 2013-04-04 17:00:00 - duration(s): 0.038798093795776
2013-04-04 18:00:00 : COMPLETE GBP/JPY - hour - 2013-04-04 17:00:00 - duration(s): 0.063003063201904
2013-04-04 18:00:01 : COMPLETE EUR/GBP - hour - 2013-04-04 17:00:00 - duration(s): 0.061966180801392
2013-04-04 18:00:01 : COMPLETE USD/CHF - hour - 2013-04-04 17:00:00 - duration(s): 0.060503005981445
2013-04-04 18:00:01 : COMPLETE EUR/CHF - hour - 2013-04-04 17:00:00 - duration(s): 0.043802976608276
2013-04-04 18:00:01 : COMPLETE USD/CAD - hour - 2013-04-04 17:00:00 - duration(s): 0.025902032852173
2013-04-04 19:00:00 : COMPLETE EUR/USD - hour - 2013-04-04 18:00:00 - duration(s): 0.044265985488892
2013-04-04 19:00:00 : COMPLETE GBP/USD - hour - 2013-04-04 18:00:00 - duration(s): 0.064618110656738
2013-04-04 19:00:00 : COMPLETE EUR/GBP - hour - 2013-04-04 18:00:00 - duration(s): 0.038240194320679
2013-04-04 19:00:00 : COMPLETE USD/CHF - hour - 2013-04-04 18:00:00 - duration(s): 0.038018941879272
2013-04-04 19:00:00 : COMPLETE EUR/JPY - hour - 2013-04-04 18:00:00 - duration(s): 0.048182964324951
2013-04-04 19:00:00 : COMPLETE EUR/CHF - hour - 2013-04-04 18:00:00 - duration(s): 0.024494886398315
2013-04-04 19:00:00 : COMPLETE AUD/USD - hour - 2013-04-04 18:00:00 - duration(s): 0.027117967605591
2013-04-04 19:00:00 : COMPLETE GBP/JPY - hour - 2013-04-04 18:00:00 - duration(s): 0.0451340675354
2013-04-04 19:00:01 : COMPLETE USD/JPY - hour - 2013-04-04 18:00:00 - duration(s): 0.042210102081299
2013-04-04 19:00:02 : COMPLETE USD/CAD - hour - 2013-04-04 18:00:00 - duration(s): 0.017462968826294
2013-04-04 20:00:00 : COMPLETE USD/JPY - hour - 2013-04-04 19:00:00 - duration(s): 0.033250093460083
2013-04-04 20:00:00 : COMPLETE EUR/JPY - hour - 2013-04-04 19:00:00 - duration(s): 0.041392087936401
2013-04-04 20:00:00 : COMPLETE AUD/USD - hour - 2013-04-04 19:00:00 - duration(s): 0.017185926437378
2013-04-04 20:00:00 : COMPLETE GBP/JPY - hour - 2013-04-04 19:00:00 - duration(s): 0.037247896194458
2013-04-04 20:00:00 : COMPLETE EUR/USD - hour - 2013-04-04 19:00:00 - duration(s): 0.034898996353149
2013-04-04 20:00:00 : COMPLETE GBP/USD - hour - 2013-04-04 19:00:00 - duration(s): 0.037245988845825
2013-04-04 20:00:00 : COMPLETE EUR/GBP - hour - 2013-04-04 19:00:00 - duration(s): 0.034014940261841
2013-04-04 20:00:00 : COMPLETE USD/CHF - hour - 2013-04-04 19:00:00 - duration(s): 0.028319120407104
2013-04-04 20:00:00 : COMPLETE EUR/CHF - hour - 2013-04-04 19:00:00 - duration(s): 0.065874099731445
2013-04-04 20:00:00 : COMPLETE USD/CAD - hour - 2013-04-04 19:00:00 - duration(s): 0.020292043685913
2013-04-04 21:00:00 : COMPLETE EUR/USD - hour - 2013-04-04 20:00:00 - duration(s): 0.030115127563477
2013-04-04 21:00:00 : COMPLETE USD/CHF - hour - 2013-04-04 20:00:00 - duration(s): 0.021427154541016
2013-04-04 21:15:39 : COMPLETE GBP/USD - hour - 2013-04-04 20:00:00 - duration(s): 0.032433986663818
2013-04-04 21:15:39 : COMPLETE GBP/JPY - hour - 2013-04-04 20:00:00 - duration(s): 0.03372597694397
2013-04-04 21:15:43 : COMPLETE EUR/GBP - hour - 2013-04-04 20:00:00 - duration(s): 0.03223991394043
2013-04-04 21:15:48 : COMPLETE USD/CAD - hour - 2013-04-04 20:00:00 - duration(s): 0.018007040023804
2013-04-04 21:15:48 : COMPLETE AUD/USD - hour - 2013-04-04 20:00:00 - duration(s): 0.019459009170532
2013-04-04 21:15:49 : COMPLETE USD/JPY - hour - 2013-04-04 20:00:00 - duration(s): 0.035008192062378
2013-04-04 21:15:49 : COMPLETE EUR/JPY - hour - 2013-04-04 20:00:00 - duration(s): 0.043210029602051
2013-04-04 21:15:57 : COMPLETE EUR/CHF - hour - 2013-04-04 20:00:00 - duration(s): 0.013175010681152
2013-04-04 22:00:00 : COMPLETE EUR/USD - hour - 2013-04-04 21:00:00 - duration(s): 0.024924993515015
2013-04-04 22:00:00 : COMPLETE USD/JPY - hour - 2013-04-04 21:00:00 - duration(s): 0.032047033309937
2013-04-04 22:00:00 : COMPLETE GBP/USD - hour - 2013-04-04 21:00:00 - duration(s): 0.03474497795105
2013-04-04 22:00:00 : COMPLETE EUR/GBP - hour - 2013-04-04 21:00:00 - duration(s): 0.035046100616455
2013-04-04 22:00:00 : COMPLETE USD/CHF - hour - 2013-04-04 21:00:00 - duration(s): 0.017214059829712
2013-04-04 22:00:00 : COMPLETE EUR/JPY - hour - 2013-04-04 21:00:00 - duration(s): 0.037842988967896
2013-04-04 22:00:00 : COMPLETE EUR/CHF - hour - 2013-04-04 21:00:00 - duration(s): 0.01702094078064
2013-04-04 22:00:00 : COMPLETE USD/CAD - hour - 2013-04-04 21:00:00 - duration(s): 0.0097379684448242
2013-04-04 22:00:00 : COMPLETE AUD/USD - hour - 2013-04-04 21:00:00 - duration(s): 0.0076241493225098
2013-04-04 22:00:00 : COMPLETE GBP/JPY - hour - 2013-04-04 21:00:00 - duration(s): 0.040921926498413
2013-04-04 23:00:00 : COMPLETE EUR/GBP - hour - 2013-04-04 22:00:00 - duration(s): 0.027734041213989
2013-04-04 23:00:00 : COMPLETE EUR/CHF - hour - 2013-04-04 22:00:00 - duration(s): 0.018495082855225
2013-04-04 23:00:01 : COMPLETE EUR/USD - hour - 2013-04-04 22:00:00 - duration(s): 0.024470090866089
2013-04-04 23:00:01 : COMPLETE GBP/USD - hour - 2013-04-04 22:00:00 - duration(s): 0.027936935424805
2013-04-04 23:00:01 : COMPLETE EUR/JPY - hour - 2013-04-04 22:00:00 - duration(s): 0.041661024093628
2013-04-04 23:00:01 : COMPLETE GBP/JPY - hour - 2013-04-04 22:00:00 - duration(s): 0.028772115707397
2013-04-04 23:00:02 : COMPLETE USD/CHF - hour - 2013-04-04 22:00:00 - duration(s): 0.019869089126587
2013-04-04 23:00:03 : COMPLETE USD/JPY - hour - 2013-04-04 22:00:00 - duration(s): 0.031415224075317
2013-04-04 23:00:04 : COMPLETE AUD/USD - hour - 2013-04-04 22:00:00 - duration(s): 0.024646043777466
2013-04-04 23:00:09 : COMPLETE USD/CAD - hour - 2013-04-04 22:00:00 - duration(s): 0.0086910724639893
2013-04-05 00:00:00 : COMPLETE EUR/USD - hour - 2013-04-04 23:00:00 - duration(s): 0.062026023864746
2013-04-05 00:00:01 : COMPLETE EUR/USD - day - 2013-04-04 - duration(s): 1.2615571022034
2013-04-05 00:00:01 : COMPLETE USD/JPY - hour - 2013-04-04 23:00:00 - duration(s): 0.040919780731201
2013-04-05 00:00:03 : COMPLETE USD/JPY - day - 2013-04-04 - duration(s): 1.3992078304291
2013-04-05 00:00:03 : COMPLETE GBP/USD - hour - 2013-04-04 23:00:00 - duration(s): 0.022431135177612
2013-04-05 00:00:04 : COMPLETE GBP/USD - day - 2013-04-04 - duration(s): 1.1292560100555
2013-04-05 00:00:04 : COMPLETE USD/CHF - hour - 2013-04-04 23:00:00 - duration(s): 0.018288135528564
2013-04-05 00:00:05 : COMPLETE USD/CHF - day - 2013-04-04 - duration(s): 0.89228701591492
2013-04-05 00:00:05 : COMPLETE EUR/JPY - hour - 2013-04-04 23:00:00 - duration(s): 0.045850038528442
2013-04-05 00:00:06 : COMPLETE EUR/JPY - day - 2013-04-04 - duration(s): 1.587338924408
2013-04-05 00:00:06 : COMPLETE USD/CAD - hour - 2013-04-04 23:00:00 - duration(s): 0.01009202003479
2013-04-05 00:00:07 : COMPLETE USD/CAD - day - 2013-04-04 - duration(s): 0.37813782691956
2013-04-05 00:00:07 : COMPLETE GBP/JPY - hour - 2013-04-04 23:00:00 - duration(s): 0.030244112014771
2013-04-05 00:00:08 : COMPLETE GBP/JPY - day - 2013-04-04 - duration(s): 1.3846299648285
2013-04-05 00:00:09 : COMPLETE EUR/GBP - hour - 2013-04-04 23:00:00 - duration(s): 0.024322986602783
2013-04-05 00:00:10 : COMPLETE EUR/GBP - day - 2013-04-04 - duration(s): 1.1358599662781
2013-04-05 00:00:10 : COMPLETE EUR/CHF - hour - 2013-04-04 23:00:00 - duration(s): 0.015935897827148
2013-04-05 00:00:10 : COMPLETE EUR/CHF - day - 2013-04-04 - duration(s): 0.663006067276
2013-04-05 00:00:11 : COMPLETE AUD/USD - hour - 2013-04-04 23:00:00 - duration(s): 0.040386915206909
2013-04-05 00:00:11 : COMPLETE AUD/USD - day - 2013-04-04 - duration(s): 0.66064310073853
2013-04-05 01:00:00 : COMPLETE USD/JPY - hour - 2013-04-05 00:00:00 - duration(s): 0.11810493469238
2013-04-05 01:00:00 : COMPLETE GBP/USD - hour - 2013-04-05 00:00:00 - duration(s): 0.048511981964111
2013-04-05 01:00:00 : COMPLETE EUR/GBP - hour - 2013-04-05 00:00:00 - duration(s): 0.055570840835571
2013-04-05 01:00:00 : COMPLETE USD/CHF - hour - 2013-04-05 00:00:00 - duration(s): 0.043624877929688
2013-04-05 01:00:00 : COMPLETE EUR/JPY - hour - 2013-04-05 00:00:00 - duration(s): 0.11151695251465
2013-04-05 01:00:01 : COMPLETE AUD/USD - hour - 2013-04-05 00:00:00 - duration(s): 0.039991855621338
2013-04-05 01:00:01 : COMPLETE EUR/USD - hour - 2013-04-05 00:00:00 - duration(s): 0.066212892532349
2013-04-05 01:00:01 : COMPLETE EUR/CHF - hour - 2013-04-05 00:00:00 - duration(s): 0.041974067687988
2013-04-05 01:00:01 : COMPLETE GBP/JPY - hour - 2013-04-05 00:00:00 - duration(s): 0.097184896469116
2013-04-05 01:00:01 : COMPLETE USD/CAD - hour - 2013-04-05 00:00:00 - duration(s): 0.012528896331787
2013-04-05 02:00:00 : COMPLETE EUR/JPY - hour - 2013-04-05 01:00:00 - duration(s): 0.066693067550659
2013-04-05 02:00:00 : COMPLETE GBP/JPY - hour - 2013-04-05 01:00:00 - duration(s): 0.059516906738281
2013-04-05 02:00:00 : COMPLETE USD/JPY - hour - 2013-04-05 01:00:00 - duration(s): 0.071110010147095
2013-04-05 02:00:00 : COMPLETE GBP/USD - hour - 2013-04-05 01:00:00 - duration(s): 0.027253150939941
2013-04-05 02:00:00 : COMPLETE EUR/GBP - hour - 2013-04-05 01:00:00 - duration(s): 0.029366016387939
2013-04-05 02:00:01 : COMPLETE EUR/USD - hour - 2013-04-05 01:00:00 - duration(s): 0.029543876647949
2013-04-05 02:00:01 : COMPLETE USD/CHF - hour - 2013-04-05 01:00:00 - duration(s): 0.024561166763306
2013-04-05 02:00:01 : COMPLETE EUR/CHF - hour - 2013-04-05 01:00:00 - duration(s): 0.014139890670776
2013-04-05 02:00:01 : COMPLETE AUD/USD - hour - 2013-04-05 01:00:00 - duration(s): 0.026835918426514
2013-04-05 02:00:09 : COMPLETE USD/CAD - hour - 2013-04-05 01:00:00 - duration(s): 0.0065329074859619
2013-04-05 03:00:00 : COMPLETE USD/JPY - hour - 2013-04-05 02:00:00 - duration(s): 0.07518196105957
2013-04-05 03:00:00 : COMPLETE GBP/USD - hour - 2013-04-05 02:00:00 - duration(s): 0.032535076141357
2013-04-05 03:00:00 : COMPLETE EUR/JPY - hour - 2013-04-05 02:00:00 - duration(s): 0.075689077377319
2013-04-05 03:00:00 : COMPLETE GBP/JPY - hour - 2013-04-05 02:00:00 - duration(s): 0.064405918121338
2013-04-05 03:00:00 : COMPLETE EUR/GBP - hour - 2013-04-05 02:00:00 - duration(s): 0.036164999008179
2013-04-05 03:00:00 : COMPLETE AUD/USD - hour - 2013-04-05 02:00:00 - duration(s): 0.031759977340698
2013-04-05 03:00:01 : COMPLETE EUR/USD - hour - 2013-04-05 02:00:00 - duration(s): 0.03546404838562
2013-04-05 03:00:03 : COMPLETE USD/CHF - hour - 2013-04-05 02:00:00 - duration(s): 0.021950006484985
2013-04-05 03:00:03 : COMPLETE EUR/CHF - hour - 2013-04-05 02:00:00 - duration(s): 0.010357856750488
2013-04-05 03:00:10 : COMPLETE USD/CAD - hour - 2013-04-05 02:00:00 - duration(s): 0.010947942733765
2013-04-05 04:00:00 : COMPLETE AUD/USD - hour - 2013-04-05 03:00:00 - duration(s): 0.018738031387329
2013-04-05 04:00:00 : COMPLETE EUR/CHF - hour - 2013-04-05 03:00:00 - duration(s): 0.012414932250977
2013-04-05 04:00:00 : COMPLETE USD/CHF - hour - 2013-04-05 03:00:00 - duration(s): 0.020097970962524
2013-04-05 04:00:00 : COMPLETE USD/CAD - hour - 2013-04-05 03:00:00 - duration(s): 0.0096671581268311
2013-04-05 04:00:01 : COMPLETE GBP/USD - hour - 2013-04-05 03:00:00 - duration(s): 0.033261060714722
2013-04-05 04:00:01 : COMPLETE EUR/GBP - hour - 2013-04-05 03:00:00 - duration(s): 0.030601978302002
2013-04-05 04:00:01 : COMPLETE USD/JPY - hour - 2013-04-05 03:00:00 - duration(s): 0.052896022796631
2013-04-05 04:00:01 : COMPLETE GBP/JPY - hour - 2013-04-05 03:00:00 - duration(s): 0.043982982635498
2013-04-05 04:00:02 : COMPLETE EUR/JPY - hour - 2013-04-05 03:00:00 - duration(s): 0.056058883666992
2013-04-05 04:00:06 : COMPLETE EUR/USD - hour - 2013-04-05 03:00:00 - duration(s): 0.027956962585449
2013-04-05 05:00:00 : COMPLETE GBP/USD - hour - 2013-04-05 04:00:00 - duration(s): 0.036916971206665
2013-04-05 05:00:00 : COMPLETE EUR/JPY - hour - 2013-04-05 04:00:00 - duration(s): 0.085144996643066
2013-04-05 05:00:00 : COMPLETE USD/JPY - hour - 2013-04-05 04:00:00 - duration(s): 0.091155052185059
2013-04-05 05:00:00 : COMPLETE EUR/GBP - hour - 2013-04-05 04:00:00 - duration(s): 0.036773920059204
2013-04-05 05:00:00 : COMPLETE USD/CHF - hour - 2013-04-05 04:00:00 - duration(s): 0.029371023178101
2013-04-05 05:00:00 : COMPLETE GBP/JPY - hour - 2013-04-05 04:00:00 - duration(s): 0.079115867614746
2013-04-05 05:00:01 : COMPLETE USD/CAD - hour - 2013-04-05 04:00:00 - duration(s): 0.013633966445923
2013-04-05 05:00:02 : COMPLETE EUR/CHF - hour - 2013-04-05 04:00:00 - duration(s): 0.018573999404907
2013-04-05 05:00:02 : COMPLETE AUD/USD - hour - 2013-04-05 04:00:00 - duration(s): 0.029673099517822
2013-04-05 05:00:03 : COMPLETE EUR/USD - hour - 2013-04-05 04:00:00 - duration(s): 0.043150901794434
2013-04-05 06:00:00 : COMPLETE AUD/USD - hour - 2013-04-05 05:00:00 - duration(s): 0.028568983078003
2013-04-05 06:00:00 : COMPLETE USD/JPY - hour - 2013-04-05 05:00:00 - duration(s): 0.078368902206421
2013-04-05 06:00:00 : COMPLETE GBP/USD - hour - 2013-04-05 05:00:00 - duration(s): 0.03199577331543
2013-04-05 06:00:00 : COMPLETE EUR/JPY - hour - 2013-04-05 05:00:00 - duration(s): 0.078888893127441
2013-04-05 06:00:00 : COMPLETE EUR/USD - hour - 2013-04-05 05:00:00 - duration(s): 0.038693904876709
2013-04-05 06:00:01 : COMPLETE EUR/GBP - hour - 2013-04-05 05:00:00 - duration(s): 0.034260988235474
2013-04-05 06:00:01 : COMPLETE USD/CHF - hour - 2013-04-05 05:00:00 - duration(s): 0.027796030044556
2013-04-05 06:00:01 : COMPLETE EUR/CHF - hour - 2013-04-05 05:00:00 - duration(s): 0.015381097793579
2013-04-05 06:00:01 : COMPLETE GBP/JPY - hour - 2013-04-05 05:00:00 - duration(s): 0.066283226013184
2013-04-05 06:00:01 : COMPLETE USD/CAD - hour - 2013-04-05 05:00:00 - duration(s): 0.010337829589844
2013-04-05 07:00:00 : COMPLETE EUR/USD - hour - 2013-04-05 06:00:00 - duration(s): 0.079606056213379
2013-04-05 07:00:00 : COMPLETE USD/JPY - hour - 2013-04-05 06:00:00 - duration(s): 0.10182905197144
2013-04-05 07:00:00 : COMPLETE USD/CHF - hour - 2013-04-05 06:00:00 - duration(s): 0.05338978767395
2013-04-05 07:00:00 : COMPLETE EUR/JPY - hour - 2013-04-05 06:00:00 - duration(s): 0.1241409778595
2013-04-05 07:00:00 : COMPLETE GBP/USD - hour - 2013-04-05 06:00:00 - duration(s): 0.063803911209106
2013-04-05 07:00:00 : COMPLETE EUR/GBP - hour - 2013-04-05 06:00:00 - duration(s): 0.067346096038818
2013-04-05 07:00:00 : COMPLETE EUR/CHF - hour - 2013-04-05 06:00:00 - duration(s): 0.030730962753296
2013-04-05 07:00:01 : COMPLETE USD/CAD - hour - 2013-04-05 06:00:00 - duration(s): 0.015010118484497
2013-04-05 07:00:01 : COMPLETE AUD/USD - hour - 2013-04-05 06:00:00 - duration(s): 0.036696195602417
2013-04-05 07:00:01 : COMPLETE GBP/JPY - hour - 2013-04-05 06:00:00 - duration(s): 0.093988180160522
2013-04-05 08:00:00 : COMPLETE AUD/USD - hour - 2013-04-05 07:00:00 - duration(s): 0.028458833694458
2013-04-05 08:00:00 : COMPLETE GBP/USD - hour - 2013-04-05 07:00:00 - duration(s): 0.065336227416992
2013-04-05 08:00:00 : COMPLETE EUR/GBP - hour - 2013-04-05 07:00:00 - duration(s): 0.066067934036255
2013-04-05 08:00:00 : COMPLETE GBP/JPY - hour - 2013-04-05 07:00:00 - duration(s): 0.07682991027832
2013-04-05 08:00:00 : COMPLETE EUR/USD - hour - 2013-04-05 07:00:00 - duration(s): 0.084038972854614
2013-04-05 08:00:01 : COMPLETE USD/JPY - hour - 2013-04-05 07:00:00 - duration(s): 0.084041118621826
2013-04-05 08:00:01 : COMPLETE USD/CHF - hour - 2013-04-05 07:00:00 - duration(s): 0.054172039031982
2013-04-05 08:00:01 : COMPLETE EUR/JPY - hour - 2013-04-05 07:00:00 - duration(s): 0.086580038070679
2013-04-05 08:00:01 : COMPLETE EUR/CHF - hour - 2013-04-05 07:00:00 - duration(s): 0.041155815124512
2013-04-05 08:00:02 : COMPLETE USD/CAD - hour - 2013-04-05 07:00:00 - duration(s): 0.013291120529175
2013-04-05 09:00:00 : COMPLETE EUR/USD - hour - 2013-04-05 08:00:00 - duration(s): 0.113116979599
2013-04-05 09:00:00 : COMPLETE USD/JPY - hour - 2013-04-05 08:00:00 - duration(s): 0.076343059539795
2013-04-05 09:00:00 : COMPLETE GBP/USD - hour - 2013-04-05 08:00:00 - duration(s): 0.077037811279297
2013-04-05 09:00:00 : COMPLETE EUR/GBP - hour - 2013-04-05 08:00:00 - duration(s): 0.070725917816162
2013-04-05 09:00:00 : COMPLETE USD/CHF - hour - 2013-04-05 08:00:00 - duration(s): 0.048697948455811
2013-04-05 09:00:00 : COMPLETE EUR/JPY - hour - 2013-04-05 08:00:00 - duration(s): 0.086264848709106
2013-04-05 09:00:00 : COMPLETE GBP/JPY - hour - 2013-04-05 08:00:00 - duration(s): 0.076671838760376
2013-04-05 09:00:01 : COMPLETE EUR/CHF - hour - 2013-04-05 08:00:00 - duration(s): 0.035924196243286
2013-04-05 09:00:01 : COMPLETE USD/CAD - hour - 2013-04-05 08:00:00 - duration(s): 0.013544082641602
2013-04-05 09:00:01 : COMPLETE AUD/USD - hour - 2013-04-05 08:00:00 - duration(s): 0.02794885635376
2013-04-05 10:00:00 : COMPLETE EUR/USD - hour - 2013-04-05 09:00:00 - duration(s): 0.073668956756592
2013-04-05 10:00:00 : COMPLETE USD/JPY - hour - 2013-04-05 09:00:00 - duration(s): 0.059765100479126
2013-04-05 10:00:00 : COMPLETE GBP/USD - hour - 2013-04-05 09:00:00 - duration(s): 0.064790010452271
2013-04-05 10:00:00 : COMPLETE EUR/GBP - hour - 2013-04-05 09:00:00 - duration(s): 0.066241025924683
2013-04-05 10:00:00 : COMPLETE USD/CHF - hour - 2013-04-05 09:00:00 - duration(s): 0.044930934906006
2013-04-05 10:00:00 : COMPLETE EUR/JPY - hour - 2013-04-05 09:00:00 - duration(s): 0.069255828857422
2013-04-05 10:00:01 : COMPLETE EUR/CHF - hour - 2013-04-05 09:00:00 - duration(s): 0.030115842819214
2013-04-05 10:00:01 : COMPLETE USD/CAD - hour - 2013-04-05 09:00:00 - duration(s): 0.014803171157837
2013-04-05 10:00:01 : COMPLETE GBP/JPY - hour - 2013-04-05 09:00:00 - duration(s): 0.061665058135986
2013-04-05 10:00:01 : COMPLETE AUD/USD - hour - 2013-04-05 09:00:00 - duration(s): 0.02356481552124
2013-04-05 11:00:00 : COMPLETE EUR/GBP - hour - 2013-04-05 10:00:00 - duration(s): 0.065371990203857
2013-04-05 11:00:00 : COMPLETE USD/CHF - hour - 2013-04-05 10:00:00 - duration(s): 0.067512035369873
2013-04-05 11:00:00 : COMPLETE EUR/USD - hour - 2013-04-05 10:00:00 - duration(s): 0.090091943740845
2013-04-05 11:00:00 : COMPLETE GBP/USD - hour - 2013-04-05 10:00:00 - duration(s): 0.067251920700073
2013-04-05 11:00:00 : COMPLETE USD/CAD - hour - 2013-04-05 10:00:00 - duration(s): 0.016540050506592
2013-04-05 11:00:01 : COMPLETE USD/JPY - hour - 2013-04-05 10:00:00 - duration(s): 0.072293996810913
2013-04-05 11:00:01 : COMPLETE EUR/JPY - hour - 2013-04-05 10:00:00 - duration(s): 0.085303068161011
2013-04-05 11:00:01 : COMPLETE EUR/CHF - hour - 2013-04-05 10:00:00 - duration(s): 0.033962965011597
2013-04-05 11:00:01 : COMPLETE GBP/JPY - hour - 2013-04-05 10:00:00 - duration(s): 0.062427997589111
2013-04-05 11:00:02 : COMPLETE AUD/USD - hour - 2013-04-05 10:00:00 - duration(s): 0.036789894104004
2013-04-05 12:00:00 : COMPLETE EUR/USD - hour - 2013-04-05 11:00:00 - duration(s): 0.07830286026001
2013-04-05 12:00:00 : COMPLETE EUR/JPY - hour - 2013-04-05 11:00:00 - duration(s): 0.069380044937134
2013-04-05 12:00:00 : COMPLETE EUR/GBP - hour - 2013-04-05 11:00:00 - duration(s): 0.055931091308594
2013-04-05 12:00:00 : COMPLETE USD/CHF - hour - 2013-04-05 11:00:00 - duration(s): 0.046685934066772
2013-04-05 12:00:00 : COMPLETE EUR/CHF - hour - 2013-04-05 11:00:00 - duration(s): 0.026860952377319
2013-04-05 12:00:00 : COMPLETE GBP/USD - hour - 2013-04-05 11:00:00 - duration(s): 0.057790994644165
2013-04-05 12:00:01 : COMPLETE GBP/JPY - hour - 2013-04-05 11:00:00 - duration(s): 0.057272911071777
2013-04-05 12:00:01 : COMPLETE USD/JPY - hour - 2013-04-05 11:00:00 - duration(s): 0.064652919769287
2013-04-05 12:00:01 : COMPLETE AUD/USD - hour - 2013-04-05 11:00:00 - duration(s): 0.03118109703064
2013-04-05 12:00:04 : COMPLETE USD/CAD - hour - 2013-04-05 11:00:00 - duration(s): 0.021472930908203
2013-04-05 13:00:00 : COMPLETE EUR/USD - hour - 2013-04-05 12:00:00 - duration(s): 0.12697196006775
2013-04-05 13:00:00 : COMPLETE USD/JPY - hour - 2013-04-05 12:00:00 - duration(s): 0.12836813926697
2013-04-05 13:00:00 : COMPLETE GBP/USD - hour - 2013-04-05 12:00:00 - duration(s): 0.1238260269165
2013-04-05 13:00:00 : COMPLETE EUR/GBP - hour - 2013-04-05 12:00:00 - duration(s): 0.11061692237854
2013-04-05 13:00:00 : COMPLETE USD/CHF - hour - 2013-04-05 12:00:00 - duration(s): 0.1064829826355
2013-04-05 13:00:01 : COMPLETE EUR/JPY - hour - 2013-04-05 12:00:00 - duration(s): 0.1838059425354
2013-04-05 13:00:01 : COMPLETE GBP/JPY - hour - 2013-04-05 12:00:00 - duration(s): 0.12800097465515
2013-04-05 13:00:01 : COMPLETE EUR/CHF - hour - 2013-04-05 12:00:00 - duration(s): 0.068073987960815
2013-04-05 13:00:01 : COMPLETE USD/CAD - hour - 2013-04-05 12:00:00 - duration(s): 0.076091051101685
2013-04-05 13:00:01 : COMPLETE AUD/USD - hour - 2013-04-05 12:00:00 - duration(s): 0.069540023803711
2013-04-05 14:00:00 : COMPLETE EUR/USD - hour - 2013-04-05 13:00:00 - duration(s): 0.10956883430481
2013-04-05 14:00:00 : COMPLETE USD/JPY - hour - 2013-04-05 13:00:00 - duration(s): 0.16819381713867
2013-04-05 14:00:00 : COMPLETE USD/CHF - hour - 2013-04-05 13:00:00 - duration(s): 0.078917026519775
2013-04-05 14:00:00 : COMPLETE EUR/JPY - hour - 2013-04-05 13:00:00 - duration(s): 0.12101602554321
2013-04-05 14:00:00 : COMPLETE USD/CAD - hour - 2013-04-05 13:00:00 - duration(s): 0.046772956848145
2013-04-05 14:00:00 : COMPLETE AUD/USD - hour - 2013-04-05 13:00:00 - duration(s): 0.066561937332153
2013-04-05 14:00:01 : COMPLETE GBP/JPY - hour - 2013-04-05 13:00:00 - duration(s): 0.10924792289734
2013-04-05 14:00:01 : COMPLETE GBP/USD - hour - 2013-04-05 13:00:00 - duration(s): 0.095664978027344
2013-04-05 14:00:01 : COMPLETE EUR/GBP - hour - 2013-04-05 13:00:00 - duration(s): 0.092362880706787
2013-04-05 14:00:01 : COMPLETE EUR/CHF - hour - 2013-04-05 13:00:00 - duration(s): 0.050640821456909
2013-04-05 15:00:00 : COMPLETE EUR/USD - hour - 2013-04-05 14:00:00 - duration(s): 0.10947585105896
2013-04-05 15:00:00 : COMPLETE USD/JPY - hour - 2013-04-05 14:00:00 - duration(s): 0.10346293449402
2013-04-05 15:00:00 : COMPLETE GBP/USD - hour - 2013-04-05 14:00:00 - duration(s): 0.10194492340088
2013-04-05 15:00:00 : COMPLETE EUR/GBP - hour - 2013-04-05 14:00:00 - duration(s): 0.095196008682251
2013-04-05 15:00:00 : COMPLETE USD/CHF - hour - 2013-04-05 14:00:00 - duration(s): 0.082192897796631
2013-04-05 15:00:01 : COMPLETE GBP/JPY - hour - 2013-04-05 14:00:00 - duration(s): 0.11201405525208
2013-04-05 15:00:01 : COMPLETE EUR/JPY - hour - 2013-04-05 14:00:00 - duration(s): 0.11102199554443
2013-04-05 15:00:01 : COMPLETE EUR/CHF - hour - 2013-04-05 14:00:00 - duration(s): 0.09227991104126
2013-04-05 15:00:01 : COMPLETE USD/CAD - hour - 2013-04-05 14:00:00 - duration(s): 0.044335842132568
2013-04-05 15:00:01 : COMPLETE AUD/USD - hour - 2013-04-05 14:00:00 - duration(s): 0.061970949172974
2013-04-05 16:00:00 : COMPLETE EUR/USD - hour - 2013-04-05 15:00:00 - duration(s): 0.067428112030029
2013-04-05 16:00:00 : COMPLETE GBP/USD - hour - 2013-04-05 15:00:00 - duration(s): 0.07215404510498
2013-04-05 16:00:00 : COMPLETE EUR/GBP - hour - 2013-04-05 15:00:00 - duration(s): 0.064414024353027
2013-04-05 16:00:00 : COMPLETE USD/CHF - hour - 2013-04-05 15:00:00 - duration(s): 0.053823947906494
2013-04-05 16:00:00 : COMPLETE EUR/CHF - hour - 2013-04-05 15:00:00 - duration(s): 0.040074110031128
2013-04-05 16:00:00 : COMPLETE GBP/JPY - hour - 2013-04-05 15:00:00 - duration(s): 0.077791929244995
2013-04-05 16:00:01 : COMPLETE USD/JPY - hour - 2013-04-05 15:00:00 - duration(s): 0.079842090606689
2013-04-05 16:00:01 : COMPLETE EUR/JPY - hour - 2013-04-05 15:00:00 - duration(s): 0.079591035842896
2013-04-05 16:00:01 : COMPLETE USD/CAD - hour - 2013-04-05 15:00:00 - duration(s): 0.032355070114136
2013-04-05 16:00:01 : COMPLETE AUD/USD - hour - 2013-04-05 15:00:00 - duration(s): 0.044397115707397
2013-04-05 17:00:00 : COMPLETE EUR/USD - hour - 2013-04-05 16:00:00 - duration(s): 0.049234867095947
2013-04-05 17:00:00 : COMPLETE USD/JPY - hour - 2013-04-05 16:00:00 - duration(s): 0.06312894821167
2013-04-05 17:00:00 : COMPLETE GBP/USD - hour - 2013-04-05 16:00:00 - duration(s): 0.047543048858643
2013-04-05 17:00:00 : COMPLETE EUR/GBP - hour - 2013-04-05 16:00:00 - duration(s): 0.043686866760254
2013-04-05 17:00:00 : COMPLETE USD/CHF - hour - 2013-04-05 16:00:00 - duration(s): 0.035738945007324
2013-04-05 17:00:00 : COMPLETE EUR/JPY - hour - 2013-04-05 16:00:00 - duration(s): 0.062536954879761
2013-04-05 17:00:00 : COMPLETE USD/CAD - hour - 2013-04-05 16:00:00 - duration(s): 0.020889043807983
2013-04-05 17:00:00 : COMPLETE AUD/USD - hour - 2013-04-05 16:00:00 - duration(s): 0.02106499671936
2013-04-05 17:00:01 : COMPLETE EUR/CHF - hour - 2013-04-05 16:00:00 - duration(s): 0.021445035934448
2013-04-05 17:00:01 : COMPLETE GBP/JPY - hour - 2013-04-05 16:00:00 - duration(s): 0.064723014831543
2013-04-05 18:00:00 : COMPLETE USD/JPY - hour - 2013-04-05 17:00:00 - duration(s): 0.048304080963135
2013-04-05 18:00:00 : COMPLETE EUR/GBP - hour - 2013-04-05 17:00:00 - duration(s): 0.035506010055542
2013-04-05 18:00:00 : COMPLETE USD/CHF - hour - 2013-04-05 17:00:00 - duration(s): 0.033100843429565
2013-04-05 18:00:00 : COMPLETE EUR/CHF - hour - 2013-04-05 17:00:00 - duration(s): 0.019247055053711
2013-04-05 18:00:00 : COMPLETE AUD/USD - hour - 2013-04-05 17:00:00 - duration(s): 0.02299690246582
2013-04-05 18:00:00 : COMPLETE GBP/USD - hour - 2013-04-05 17:00:00 - duration(s): 0.074786186218262
2013-04-05 18:00:00 : COMPLETE GBP/JPY - hour - 2013-04-05 17:00:00 - duration(s): 0.054072141647339
2013-04-05 18:00:02 : COMPLETE USD/CAD - hour - 2013-04-05 17:00:00 - duration(s): 0.01752495765686
2013-04-05 18:00:02 : COMPLETE EUR/USD - hour - 2013-04-05 17:00:00 - duration(s): 0.038621187210083
2013-04-05 18:00:02 : COMPLETE EUR/JPY - hour - 2013-04-05 17:00:00 - duration(s): 0.050944089889526
2013-04-05 19:00:00 : COMPLETE USD/JPY - hour - 2013-04-05 18:00:00 - duration(s): 0.067660093307495
2013-04-05 19:00:00 : COMPLETE GBP/JPY - hour - 2013-04-05 18:00:00 - duration(s): 0.065995931625366
2013-04-05 19:00:00 : COMPLETE EUR/USD - hour - 2013-04-05 18:00:00 - duration(s): 0.077375173568726
2013-04-05 19:00:00 : COMPLETE GBP/USD - hour - 2013-04-05 18:00:00 - duration(s): 0.041250944137573
2013-04-05 19:00:00 : COMPLETE EUR/GBP - hour - 2013-04-05 18:00:00 - duration(s): 0.038531064987183
2013-04-05 19:00:00 : COMPLETE USD/CHF - hour - 2013-04-05 18:00:00 - duration(s): 0.033042907714844
2013-04-05 19:00:00 : COMPLETE EUR/JPY - hour - 2013-04-05 18:00:00 - duration(s): 0.061139822006226
2013-04-05 19:00:00 : COMPLETE EUR/CHF - hour - 2013-04-05 18:00:00 - duration(s): 0.022130966186523
2013-04-05 19:00:00 : COMPLETE AUD/USD - hour - 2013-04-05 18:00:00 - duration(s): 0.022604942321777
2013-04-05 19:00:02 : COMPLETE USD/CAD - hour - 2013-04-05 18:00:00 - duration(s): 0.01493501663208
2013-04-05 20:00:00 : COMPLETE EUR/USD - hour - 2013-04-05 19:00:00 - duration(s): 0.043274879455566
2013-04-05 20:00:00 : COMPLETE USD/JPY - hour - 2013-04-05 19:00:00 - duration(s): 0.05428409576416
2013-04-05 20:00:00 : COMPLETE GBP/USD - hour - 2013-04-05 19:00:00 - duration(s): 0.043927907943726
2013-04-05 20:00:00 : COMPLETE EUR/GBP - hour - 2013-04-05 19:00:00 - duration(s): 0.0430748462677
2013-04-05 20:00:00 : COMPLETE USD/CHF - hour - 2013-04-05 19:00:00 - duration(s): 0.057179927825928
2013-04-05 20:00:00 : COMPLETE EUR/JPY - hour - 2013-04-05 19:00:00 - duration(s): 0.055944919586182
2013-04-05 20:00:00 : COMPLETE USD/CAD - hour - 2013-04-05 19:00:00 - duration(s): 0.022688150405884
2013-04-05 20:00:00 : COMPLETE AUD/USD - hour - 2013-04-05 19:00:00 - duration(s): 0.025500059127808
2013-04-05 20:00:00 : COMPLETE EUR/CHF - hour - 2013-04-05 19:00:00 - duration(s): 0.021459102630615
2013-04-05 20:00:01 : COMPLETE GBP/JPY - hour - 2013-04-05 19:00:00 - duration(s): 0.055644989013672
2013-04-07 20:55:27 : COMPLETE USD/JPY - hour - 2013-04-05 20:00:00 - duration(s): 0.031620979309082
2013-04-07 20:55:28 : COMPLETE USD/JPY - day - 2013-04-05 - duration(s): 1.4524328708649
2013-04-07 20:55:28 : COMPLETE EUR/JPY - hour - 2013-04-05 20:00:00 - duration(s): 0.040062189102173
2013-04-07 20:55:30 : COMPLETE EUR/JPY - day - 2013-04-05 - duration(s): 1.4890270233154
2013-04-07 20:55:30 : COMPLETE GBP/JPY - hour - 2013-04-05 20:00:00 - duration(s): 0.030203104019165
2013-04-07 20:55:31 : COMPLETE GBP/JPY - day - 2013-04-05 - duration(s): 1.2930328845978
2013-04-07 20:56:04 : COMPLETE EUR/USD - hour - 2013-04-05 20:00:00 - duration(s): 0.029927968978882
2013-04-07 20:56:06 : COMPLETE EUR/USD - day - 2013-04-05 - duration(s): 1.1539671421051
2013-04-07 20:56:28 : COMPLETE USD/CHF - hour - 2013-04-05 20:00:00 - duration(s): 0.052383184432983
2013-04-07 20:56:29 : COMPLETE USD/CHF - day - 2013-04-05 - duration(s): 0.8581371307373
2013-04-07 20:56:32 : COMPLETE EUR/CHF - hour - 2013-04-05 20:00:00 - duration(s): 0.024194955825806
2013-04-07 20:56:32 : COMPLETE EUR/CHF - day - 2013-04-05 - duration(s): 0.52628898620605
2013-04-07 20:56:49 : COMPLETE EUR/GBP - hour - 2013-04-05 20:00:00 - duration(s): 0.029079914093018
2013-04-07 20:56:50 : COMPLETE EUR/GBP - day - 2013-04-05 - duration(s): 1.0374081134796
2013-04-07 20:57:59 : COMPLETE AUD/USD - hour - 2013-04-05 20:00:00 - duration(s): 0.01422905921936
2013-04-07 20:58:00 : COMPLETE AUD/USD - day - 2013-04-05 - duration(s): 0.58567810058594
2013-04-07 20:58:30 : COMPLETE USD/CAD - hour - 2013-04-05 20:00:00 - duration(s): 0.015509128570557
2013-04-07 20:58:30 : COMPLETE USD/CAD - day - 2013-04-05 - duration(s): 0.36051392555237
2013-04-07 20:59:10 : COMPLETE GBP/USD - hour - 2013-04-05 20:00:00 - duration(s): 0.027817010879517
2013-04-07 20:59:12 : COMPLETE GBP/USD - day - 2013-04-05 - duration(s): 1.0355949401855
2013-04-07 21:15:40 : COMPLETE EUR/USD - hour - 2013-04-07 20:00:00 - duration(s): 0.0022549629211426
2013-04-07 21:15:40 : COMPLETE GBP/USD - hour - 2013-04-07 20:00:00 - duration(s): 0.0056672096252441
2013-04-07 21:15:40 : COMPLETE USD/CHF - hour - 2013-04-07 20:00:00 - duration(s): 0.0023539066314697
2013-04-07 21:15:41 : COMPLETE USD/CAD - hour - 2013-04-07 20:00:00 - duration(s): 0.0022990703582764
2013-04-07 21:15:41 : COMPLETE EUR/JPY - hour - 2013-04-07 20:00:00 - duration(s): 0.002479076385498
2013-04-07 21:15:42 : COMPLETE GBP/JPY - hour - 2013-04-07 20:00:00 - duration(s): 0.0022850036621094
2013-04-07 21:15:42 : COMPLETE USD/JPY - hour - 2013-04-07 20:00:00 - duration(s): 0.0022969245910645
2013-04-07 21:15:42 : COMPLETE EUR/GBP - hour - 2013-04-07 20:00:00 - duration(s): 0.0023689270019531
2013-04-07 21:15:42 : COMPLETE EUR/CHF - hour - 2013-04-07 20:00:00 - duration(s): 0.0022788047790527
2013-04-07 21:15:45 : COMPLETE AUD/USD - hour - 2013-04-07 20:00:00 - duration(s): 0.0024662017822266
2013-04-07 22:00:00 : COMPLETE EUR/USD - hour - 2013-04-07 21:00:00 - duration(s): 0.019523859024048
2013-04-07 22:00:00 : COMPLETE USD/JPY - hour - 2013-04-07 21:00:00 - duration(s): 0.028155088424683
2013-04-07 22:00:00 : COMPLETE GBP/USD - hour - 2013-04-07 21:00:00 - duration(s): 0.012173175811768
2013-04-07 22:00:00 : COMPLETE EUR/GBP - hour - 2013-04-07 21:00:00 - duration(s): 0.020062923431396
2013-04-07 22:00:00 : COMPLETE USD/CHF - hour - 2013-04-07 21:00:00 - duration(s): 0.014822959899902
2013-04-07 22:00:00 : COMPLETE EUR/JPY - hour - 2013-04-07 21:00:00 - duration(s): 0.073415040969849
2013-04-07 22:00:00 : COMPLETE EUR/CHF - hour - 2013-04-07 21:00:00 - duration(s): 0.01493501663208
2013-04-07 22:00:00 : COMPLETE USD/CAD - hour - 2013-04-07 21:00:00 - duration(s): 0.0055060386657715
2013-04-07 22:00:00 : COMPLETE AUD/USD - hour - 2013-04-07 21:00:00 - duration(s): 0.0073978900909424
2013-04-07 22:00:00 : COMPLETE GBP/JPY - hour - 2013-04-07 21:00:00 - duration(s): 0.023658990859985
2013-04-07 23:00:00 : COMPLETE GBP/USD - hour - 2013-04-07 22:00:00 - duration(s): 0.034145832061768
2013-04-07 23:00:00 : COMPLETE EUR/GBP - hour - 2013-04-07 22:00:00 - duration(s): 0.045732975006104
2013-04-07 23:00:00 : COMPLETE EUR/CHF - hour - 2013-04-07 22:00:00 - duration(s): 0.023249864578247
2013-04-07 23:00:00 : COMPLETE USD/CAD - hour - 2013-04-07 22:00:00 - duration(s): 0.010787010192871
2013-04-07 23:00:00 : COMPLETE AUD/USD - hour - 2013-04-07 22:00:00 - duration(s): 0.019698143005371
2013-04-07 23:00:00 : COMPLETE GBP/JPY - hour - 2013-04-07 22:00:00 - duration(s): 0.065623998641968
2013-04-07 23:00:00 : COMPLETE EUR/USD - hour - 2013-04-07 22:00:00 - duration(s): 0.073326110839844
2013-04-07 23:00:00 : COMPLETE USD/JPY - hour - 2013-04-07 22:00:00 - duration(s): 0.070383071899414
2013-04-07 23:00:01 : COMPLETE EUR/JPY - hour - 2013-04-07 22:00:00 - duration(s): 0.084076166152954
2013-04-07 23:00:02 : COMPLETE USD/CHF - hour - 2013-04-07 22:00:00 - duration(s): 0.03856086730957
2013-04-08 00:00:00 : COMPLETE USD/JPY - hour - 2013-04-07 23:00:00 - duration(s): 0.062024116516113
2013-04-08 00:00:00 : COMPLETE USD/JPY - day - 2013-04-07 - duration(s): 0.14462685585022
2013-04-08 00:00:00 : COMPLETE GBP/USD - hour - 2013-04-07 23:00:00 - duration(s): 0.019405841827393
2013-04-08 00:00:00 : COMPLETE GBP/USD - day - 2013-04-07 - duration(s): 0.072970151901245
2013-04-08 00:00:00 : COMPLETE EUR/GBP - hour - 2013-04-07 23:00:00 - duration(s): 0.028868913650513
2013-04-08 00:00:00 : COMPLETE EUR/GBP - day - 2013-04-07 - duration(s): 0.078476905822754
2013-04-08 00:00:00 : COMPLETE EUR/JPY - hour - 2013-04-07 23:00:00 - duration(s): 0.10195398330688
2013-04-08 00:00:01 : COMPLETE EUR/JPY - day - 2013-04-07 - duration(s): 0.15449213981628
2013-04-08 00:00:01 : COMPLETE AUD/USD - hour - 2013-04-07 23:00:00 - duration(s): 0.025501012802124
2013-04-08 00:00:01 : COMPLETE AUD/USD - day - 2013-04-07 - duration(s): 0.042547941207886
2013-04-08 00:00:01 : COMPLETE GBP/JPY - hour - 2013-04-07 23:00:00 - duration(s): 0.056530952453613
2013-04-08 00:00:01 : COMPLETE GBP/JPY - day - 2013-04-07 - duration(s): 0.12010407447815
2013-04-08 00:00:01 : COMPLETE EUR/USD - hour - 2013-04-07 23:00:00 - duration(s): 0.029974937438965
2013-04-08 00:00:01 : COMPLETE EUR/USD - day - 2013-04-07 - duration(s): 0.073748111724854
2013-04-08 00:00:01 : COMPLETE USD/CHF - hour - 2013-04-07 23:00:00 - duration(s): 0.023433923721313
2013-04-08 00:00:01 : COMPLETE USD/CHF - day - 2013-04-07 - duration(s): 0.061908960342407
2013-04-08 00:00:02 : COMPLETE EUR/CHF - hour - 2013-04-07 23:00:00 - duration(s): 0.014869928359985
2013-04-08 00:00:02 : COMPLETE EUR/CHF - day - 2013-04-07 - duration(s): 0.040481090545654
2013-04-08 00:00:02 : COMPLETE USD/CAD - hour - 2013-04-07 23:00:00 - duration(s): 0.0076069831848145
2013-04-08 00:00:02 : COMPLETE USD/CAD - day - 2013-04-07 - duration(s): 0.015714883804321
2013-04-08 01:00:00 : COMPLETE USD/JPY - hour - 2013-04-08 00:00:00 - duration(s): 0.08148193359375
2013-04-08 01:00:00 : COMPLETE USD/CHF - hour - 2013-04-08 00:00:00 - duration(s): 0.03080415725708
2013-04-08 01:00:00 : COMPLETE EUR/JPY - hour - 2013-04-08 00:00:00 - duration(s): 0.085015058517456
2013-04-08 01:00:00 : COMPLETE EUR/USD - hour - 2013-04-08 00:00:00 - duration(s): 0.073662996292114
2013-04-08 01:00:01 : COMPLETE GBP/JPY - hour - 2013-04-08 00:00:00 - duration(s): 0.068979978561401
2013-04-08 01:00:01 : COMPLETE EUR/GBP - hour - 2013-04-08 00:00:00 - duration(s): 0.03416919708252
2013-04-08 01:00:01 : COMPLETE EUR/CHF - hour - 2013-04-08 00:00:00 - duration(s): 0.026594161987305
2013-04-08 01:00:01 : COMPLETE USD/CAD - hour - 2013-04-08 00:00:00 - duration(s): 0.0085079669952393
2013-04-08 01:00:02 : COMPLETE AUD/USD - hour - 2013-04-08 00:00:00 - duration(s): 0.032590866088867
2013-04-08 01:00:02 : COMPLETE GBP/USD - hour - 2013-04-08 00:00:00 - duration(s): 0.028211116790771
2013-04-08 02:00:00 : COMPLETE GBP/JPY - hour - 2013-04-08 01:00:00 - duration(s): 0.05098295211792
2013-04-08 02:00:01 : COMPLETE AUD/USD - hour - 2013-04-08 01:00:00 - duration(s): 0.022045135498047
2013-04-08 02:00:02 : COMPLETE GBP/USD - hour - 2013-04-08 01:00:00 - duration(s): 0.017908811569214
2013-04-08 02:00:02 : COMPLETE EUR/GBP - hour - 2013-04-08 01:00:00 - duration(s): 0.021636009216309
2013-04-08 02:00:02 : COMPLETE EUR/JPY - hour - 2013-04-08 01:00:00 - duration(s): 0.055182933807373
2013-04-08 02:00:05 : COMPLETE USD/JPY - hour - 2013-04-08 01:00:00 - duration(s): 0.055951833724976
2013-04-08 02:00:06 : COMPLETE EUR/USD - hour - 2013-04-08 01:00:00 - duration(s): 0.02171516418457
2013-04-08 02:00:06 : COMPLETE USD/CHF - hour - 2013-04-08 01:00:00 - duration(s): 0.018866062164307
2013-04-08 02:00:06 : COMPLETE EUR/CHF - hour - 2013-04-08 01:00:00 - duration(s): 0.013227939605713
2013-04-08 02:00:37 : COMPLETE USD/CAD - hour - 2013-04-08 01:00:00 - duration(s): 0.0084390640258789
2013-04-08 03:00:00 : COMPLETE GBP/JPY - hour - 2013-04-08 02:00:00 - duration(s): 0.045491933822632
2013-04-08 03:00:01 : COMPLETE USD/CHF - hour - 2013-04-08 02:00:00 - duration(s): 0.021347999572754
2013-04-08 03:00:01 : COMPLETE EUR/JPY - hour - 2013-04-08 02:00:00 - duration(s): 0.046144008636475
2013-04-08 03:00:01 : COMPLETE USD/JPY - hour - 2013-04-08 02:00:00 - duration(s): 0.042678833007812
2013-04-08 03:00:01 : COMPLETE AUD/USD - hour - 2013-04-08 02:00:00 - duration(s): 0.023962020874023
2013-04-08 03:00:02 : COMPLETE EUR/GBP - hour - 2013-04-08 02:00:00 - duration(s): 0.023834943771362
2013-04-08 03:00:02 : COMPLETE EUR/USD - hour - 2013-04-08 02:00:00 - duration(s): 0.027119159698486
2013-04-08 03:00:02 : COMPLETE GBP/USD - hour - 2013-04-08 02:00:00 - duration(s): 0.020591974258423
2013-04-08 03:00:02 : COMPLETE EUR/CHF - hour - 2013-04-08 02:00:00 - duration(s): 0.015752077102661
2013-04-08 03:00:03 : COMPLETE USD/CAD - hour - 2013-04-08 02:00:00 - duration(s): 0.0064840316772461
2013-04-08 04:00:00 : COMPLETE EUR/USD - hour - 2013-04-08 03:00:00 - duration(s): 0.026051998138428
2013-04-08 04:00:00 : COMPLETE USD/JPY - hour - 2013-04-08 03:00:00 - duration(s): 0.047267913818359
2013-04-08 04:00:00 : COMPLETE EUR/GBP - hour - 2013-04-08 03:00:00 - duration(s): 0.026195049285889
2013-04-08 04:00:00 : COMPLETE EUR/JPY - hour - 2013-04-08 03:00:00 - duration(s): 0.050536870956421
2013-04-08 04:00:00 : COMPLETE GBP/JPY - hour - 2013-04-08 03:00:00 - duration(s): 0.042977094650269
2013-04-08 04:00:00 : COMPLETE GBP/USD - hour - 2013-04-08 03:00:00 - duration(s): 0.020323991775513
2013-04-08 04:00:00 : COMPLETE EUR/CHF - hour - 2013-04-08 03:00:00 - duration(s): 0.016970872879028
2013-04-08 04:00:00 : COMPLETE AUD/USD - hour - 2013-04-08 03:00:00 - duration(s): 0.053993940353394
2013-04-08 04:00:01 : COMPLETE USD/CHF - hour - 2013-04-08 03:00:00 - duration(s): 0.020761013031006
2013-04-08 04:00:03 : COMPLETE USD/CAD - hour - 2013-04-08 03:00:00 - duration(s): 0.0067200660705566
2013-04-08 05:00:00 : COMPLETE EUR/USD - hour - 2013-04-08 04:00:00 - duration(s): 0.024796962738037
2013-04-08 05:00:00 : COMPLETE EUR/GBP - hour - 2013-04-08 04:00:00 - duration(s): 0.023396015167236
2013-04-08 05:00:00 : COMPLETE EUR/JPY - hour - 2013-04-08 04:00:00 - duration(s): 0.047672986984253
2013-04-08 05:00:00 : COMPLETE EUR/CHF - hour - 2013-04-08 04:00:00 - duration(s): 0.014806985855103
2013-04-08 05:00:00 : COMPLETE USD/JPY - hour - 2013-04-08 04:00:00 - duration(s): 0.05228590965271
2013-04-08 05:00:00 : COMPLETE USD/CHF - hour - 2013-04-08 04:00:00 - duration(s): 0.019645929336548
2013-04-08 05:00:01 : COMPLETE GBP/JPY - hour - 2013-04-08 04:00:00 - duration(s): 0.065407991409302
2013-04-08 05:00:01 : COMPLETE AUD/USD - hour - 2013-04-08 04:00:00 - duration(s): 0.022179841995239
2013-04-08 05:00:01 : COMPLETE GBP/USD - hour - 2013-04-08 04:00:00 - duration(s): 0.020053863525391
2013-04-08 05:00:12 : COMPLETE USD/CAD - hour - 2013-04-08 04:00:00 - duration(s): 0.0078229904174805
2013-04-08 06:00:00 : COMPLETE EUR/GBP - hour - 2013-04-08 05:00:00 - duration(s): 0.029945850372314
2013-04-08 06:00:00 : COMPLETE EUR/JPY - hour - 2013-04-08 05:00:00 - duration(s): 0.053673982620239
2013-04-08 06:00:00 : COMPLETE AUD/USD - hour - 2013-04-08 05:00:00 - duration(s): 0.025832891464233
2013-04-08 06:00:00 : COMPLETE EUR/USD - hour - 2013-04-08 05:00:00 - duration(s): 0.035616874694824
2013-04-08 06:00:00 : COMPLETE USD/JPY - hour - 2013-04-08 05:00:00 - duration(s): 0.042956113815308
2013-04-08 06:00:01 : COMPLETE GBP/JPY - hour - 2013-04-08 05:00:00 - duration(s): 0.042289972305298
2013-04-08 06:00:01 : COMPLETE GBP/USD - hour - 2013-04-08 05:00:00 - duration(s): 0.02523398399353
2013-04-08 06:00:02 : COMPLETE USD/CHF - hour - 2013-04-08 05:00:00 - duration(s): 0.023483037948608
2013-04-08 06:00:02 : COMPLETE EUR/CHF - hour - 2013-04-08 05:00:00 - duration(s): 0.015689849853516
2013-04-08 06:00:06 : COMPLETE USD/CAD - hour - 2013-04-08 05:00:00 - duration(s): 0.0066688060760498
2013-04-08 07:00:00 : COMPLETE USD/JPY - hour - 2013-04-08 06:00:00 - duration(s): 0.068036079406738
2013-04-08 07:00:00 : COMPLETE GBP/USD - hour - 2013-04-08 06:00:00 - duration(s): 0.052674055099487
2013-04-08 07:00:00 : COMPLETE EUR/GBP - hour - 2013-04-08 06:00:00 - duration(s): 0.055257081985474
2013-04-08 07:00:00 : COMPLETE GBP/JPY - hour - 2013-04-08 06:00:00 - duration(s): 0.067537069320679
2013-04-08 07:00:00 : COMPLETE EUR/USD - hour - 2013-04-08 06:00:00 - duration(s): 0.062204122543335
2013-04-08 07:00:00 : COMPLETE USD/CHF - hour - 2013-04-08 06:00:00 - duration(s): 0.039960861206055
2013-04-08 07:00:00 : COMPLETE EUR/JPY - hour - 2013-04-08 06:00:00 - duration(s): 0.075729846954346
2013-04-08 07:00:00 : COMPLETE EUR/CHF - hour - 2013-04-08 06:00:00 - duration(s): 0.031470060348511
2013-04-08 07:00:00 : COMPLETE USD/CAD - hour - 2013-04-08 06:00:00 - duration(s): 0.014878034591675
2013-04-08 07:00:01 : COMPLETE AUD/USD - hour - 2013-04-08 06:00:00 - duration(s): 0.031982898712158
2013-04-08 08:00:00 : COMPLETE EUR/USD - hour - 2013-04-08 07:00:00 - duration(s): 0.087988138198853
2013-04-08 08:00:00 : COMPLETE GBP/USD - hour - 2013-04-08 07:00:00 - duration(s): 0.074217081069946
2013-04-08 08:00:00 : COMPLETE EUR/GBP - hour - 2013-04-08 07:00:00 - duration(s): 0.075817823410034
2013-04-08 08:00:00 : COMPLETE USD/CHF - hour - 2013-04-08 07:00:00 - duration(s): 0.065935134887695
2013-04-08 08:00:00 : COMPLETE EUR/JPY - hour - 2013-04-08 07:00:00 - duration(s): 0.13059902191162
2013-04-08 08:00:00 : COMPLETE EUR/CHF - hour - 2013-04-08 07:00:00 - duration(s): 0.050757884979248
2013-04-08 08:00:00 : COMPLETE GBP/JPY - hour - 2013-04-08 07:00:00 - duration(s): 0.12802791595459
2013-04-08 08:00:01 : COMPLETE USD/JPY - hour - 2013-04-08 07:00:00 - duration(s): 0.10340905189514
2013-04-08 08:00:01 : COMPLETE AUD/USD - hour - 2013-04-08 07:00:00 - duration(s): 0.037651062011719
2013-04-08 08:00:05 : COMPLETE USD/CAD - hour - 2013-04-08 07:00:00 - duration(s): 0.02337121963501
2013-04-08 09:00:00 : COMPLETE USD/JPY - hour - 2013-04-08 08:00:00 - duration(s): 0.081525087356567
2013-04-08 09:00:00 : COMPLETE EUR/JPY - hour - 2013-04-08 08:00:00 - duration(s): 0.090323925018311
2013-04-08 09:00:00 : COMPLETE GBP/JPY - hour - 2013-04-08 08:00:00 - duration(s): 0.076367139816284
2013-04-08 09:00:00 : COMPLETE EUR/USD - hour - 2013-04-08 08:00:00 - duration(s): 0.08362889289856
2013-04-08 09:00:00 : COMPLETE GBP/USD - hour - 2013-04-08 08:00:00 - duration(s): 0.074386119842529
2013-04-08 09:00:00 : COMPLETE EUR/GBP - hour - 2013-04-08 08:00:00 - duration(s): 0.069866895675659
2013-04-08 09:00:00 : COMPLETE EUR/CHF - hour - 2013-04-08 08:00:00 - duration(s): 0.049663066864014
2013-04-08 09:00:01 : COMPLETE USD/CHF - hour - 2013-04-08 08:00:00 - duration(s): 0.058820962905884
2013-04-08 09:00:01 : COMPLETE USD/CAD - hour - 2013-04-08 08:00:00 - duration(s): 0.015226125717163
2013-04-08 09:00:01 : COMPLETE AUD/USD - hour - 2013-04-08 08:00:00 - duration(s): 0.030166864395142
2013-04-08 10:00:00 : COMPLETE USD/JPY - hour - 2013-04-08 09:00:00 - duration(s): 0.094237089157104
2013-04-08 10:00:00 : COMPLETE GBP/USD - hour - 2013-04-08 09:00:00 - duration(s): 0.083627939224243
2013-04-08 10:00:00 : COMPLETE EUR/GBP - hour - 2013-04-08 09:00:00 - duration(s): 0.068958044052124
2013-04-08 10:00:00 : COMPLETE GBP/JPY - hour - 2013-04-08 09:00:00 - duration(s): 0.094584941864014
2013-04-08 10:00:00 : COMPLETE EUR/USD - hour - 2013-04-08 09:00:00 - duration(s): 0.081945896148682
2013-04-08 10:00:00 : COMPLETE USD/CHF - hour - 2013-04-08 09:00:00 - duration(s): 0.050325870513916
2013-04-08 10:00:01 : COMPLETE USD/CAD - hour - 2013-04-08 09:00:00 - duration(s): 0.01645302772522
2013-04-08 10:00:01 : COMPLETE AUD/USD - hour - 2013-04-08 09:00:00 - duration(s): 0.029766082763672
2013-04-08 10:00:01 : COMPLETE EUR/JPY - hour - 2013-04-08 09:00:00 - duration(s): 0.10222792625427
2013-04-08 10:00:01 : COMPLETE EUR/CHF - hour - 2013-04-08 09:00:00 - duration(s): 0.040645837783813
2013-04-08 11:00:00 : COMPLETE USD/JPY - hour - 2013-04-08 10:00:00 - duration(s): 0.062430858612061
2013-04-08 11:00:00 : COMPLETE EUR/JPY - hour - 2013-04-08 10:00:00 - duration(s): 0.11477994918823
2013-04-08 11:00:00 : COMPLETE AUD/USD - hour - 2013-04-08 10:00:00 - duration(s): 0.035842180252075
2013-04-08 11:00:00 : COMPLETE GBP/JPY - hour - 2013-04-08 10:00:00 - duration(s): 0.077802181243896
2013-04-08 11:00:00 : COMPLETE EUR/USD - hour - 2013-04-08 10:00:00 - duration(s): 0.080718040466309
2013-04-08 11:00:00 : COMPLETE GBP/USD - hour - 2013-04-08 10:00:00 - duration(s): 0.084358930587769
2013-04-08 11:00:01 : COMPLETE EUR/GBP - hour - 2013-04-08 10:00:00 - duration(s): 0.072062969207764
2013-04-08 11:00:01 : COMPLETE USD/CAD - hour - 2013-04-08 10:00:00 - duration(s): 0.017210960388184
2013-04-08 11:00:02 : COMPLETE USD/CHF - hour - 2013-04-08 10:00:00 - duration(s): 0.051685094833374
2013-04-08 11:00:02 : COMPLETE EUR/CHF - hour - 2013-04-08 10:00:00 - duration(s): 0.037837982177734
2013-04-08 12:00:00 : COMPLETE USD/JPY - hour - 2013-04-08 11:00:00 - duration(s): 0.071758031845093
2013-04-08 12:00:00 : COMPLETE GBP/USD - hour - 2013-04-08 11:00:00 - duration(s): 0.067511081695557
2013-04-08 12:00:00 : COMPLETE USD/CHF - hour - 2013-04-08 11:00:00 - duration(s): 0.051499843597412
2013-04-08 12:00:00 : COMPLETE EUR/JPY - hour - 2013-04-08 11:00:00 - duration(s): 0.08303689956665
2013-04-08 12:00:00 : COMPLETE EUR/CHF - hour - 2013-04-08 11:00:00 - duration(s): 0.043272972106934
2013-04-08 12:00:00 : COMPLETE GBP/JPY - hour - 2013-04-08 11:00:00 - duration(s): 0.070075988769531
2013-04-08 12:00:01 : COMPLETE EUR/USD - hour - 2013-04-08 11:00:00 - duration(s): 0.085234880447388
2013-04-08 12:00:01 : COMPLETE EUR/GBP - hour - 2013-04-08 11:00:00 - duration(s): 0.075147867202759
2013-04-08 12:00:01 : COMPLETE USD/CAD - hour - 2013-04-08 11:00:00 - duration(s): 0.020234107971191
2013-04-08 12:00:01 : COMPLETE AUD/USD - hour - 2013-04-08 11:00:00 - duration(s): 0.035057067871094
2013-04-08 13:00:00 : COMPLETE EUR/USD - hour - 2013-04-08 12:00:00 - duration(s): 0.06682014465332
2013-04-08 13:00:00 : COMPLETE USD/JPY - hour - 2013-04-08 12:00:00 - duration(s): 0.049150943756104
2013-04-08 13:00:00 : COMPLETE EUR/JPY - hour - 2013-04-08 12:00:00 - duration(s): 0.06293797492981
2013-04-08 13:00:00 : COMPLETE USD/CAD - hour - 2013-04-08 12:00:00 - duration(s): 0.020064115524292
2013-04-08 13:00:00 : COMPLETE GBP/JPY - hour - 2013-04-08 12:00:00 - duration(s): 0.055009126663208
2013-04-08 13:00:00 : COMPLETE GBP/USD - hour - 2013-04-08 12:00:00 - duration(s): 0.058818101882935
2013-04-08 13:00:01 : COMPLETE EUR/GBP - hour - 2013-04-08 12:00:00 - duration(s): 0.057309865951538
2013-04-08 13:00:01 : COMPLETE USD/CHF - hour - 2013-04-08 12:00:00 - duration(s): 0.042596101760864
2013-04-08 13:00:01 : COMPLETE EUR/CHF - hour - 2013-04-08 12:00:00 - duration(s): 0.033851146697998
2013-04-08 13:00:04 : COMPLETE AUD/USD - hour - 2013-04-08 12:00:00 - duration(s): 0.098299980163574
2013-04-08 14:00:00 : COMPLETE EUR/USD - hour - 2013-04-08 13:00:00 - duration(s): 0.083618879318237
2013-04-08 14:00:00 : COMPLETE GBP/USD - hour - 2013-04-08 13:00:00 - duration(s): 0.07039999961853
2013-04-08 14:00:00 : COMPLETE EUR/GBP - hour - 2013-04-08 13:00:00 - duration(s): 0.069809198379517
2013-04-08 14:00:00 : COMPLETE USD/CHF - hour - 2013-04-08 13:00:00 - duration(s): 0.06151294708252
2013-04-08 14:00:00 : COMPLETE EUR/JPY - hour - 2013-04-08 13:00:00 - duration(s): 0.093989133834839
2013-04-08 14:00:00 : COMPLETE EUR/CHF - hour - 2013-04-08 13:00:00 - duration(s): 0.038936853408813
2013-04-08 14:00:00 : COMPLETE USD/CAD - hour - 2013-04-08 13:00:00 - duration(s): 0.032916069030762
2013-04-08 14:00:00 : COMPLETE AUD/USD - hour - 2013-04-08 13:00:00 - duration(s): 0.042106866836548
2013-04-08 14:00:00 : COMPLETE GBP/JPY - hour - 2013-04-08 13:00:00 - duration(s): 0.079697847366333
2013-04-08 14:00:01 : COMPLETE USD/JPY - hour - 2013-04-08 13:00:00 - duration(s): 0.081369876861572
